<?xml version="1.0" encoding="UTF-8"?>
<testsuite name="com.hubilon.sso.SsoApplicationTests" tests="1" skipped="0" failures="0" errors="0" timestamp="2026-04-20T03:55:42" hostname="솔루션개발3팀_" time="0.611">
  <properties/>
  <testcase name="contextLoads()" classname="com.hubilon.sso.SsoApplicationTests" time="0.611"/>
  <system-out><![CDATA[12:55:36.138 [Test worker] INFO org.springframework.test.context.support.AnnotationConfigContextLoaderUtils -- Could not detect default configuration classes for test class [com.hubilon.sso.SsoApplicationTests]: SsoApplicationTests does not declare any static, non-private, non-final, nested classes annotated with @Configuration.
12:55:36.256 [Test worker] INFO org.springframework.boot.test.context.SpringBootTestContextBootstrapper -- Found @SpringBootConfiguration com.hubilon.sso.SsoApplication for test class com.hubilon.sso.SsoApplicationTests

  .   ____          _            __ _ _
 /\\ / ___'_ __ _ _(_)_ __  __ _ \ \ \ \
( ( )\___ | '_ | '_| | '_ \/ _` | \ \ \ \
 \\/  ___)| |_)| | | | | || (_| |  ) ) ) )
  '  |____| .__|_| |_|_| |_\__, | / / / /
 =========|_|==============|___/=/_/_/_/

 :: Spring Boot ::                (v3.4.4)

2026-04-20T12:55:36.789+09:00  INFO 2908 --- [sso-backend] [    Test worker] com.hubilon.sso.SsoApplicationTests      : Starting SsoApplicationTests using Java 21.0.10 with PID 2908 (started by bokye in C:\workspace\00.base\claude\00.sso\backend)
2026-04-20T12:55:36.790+09:00  INFO 2908 --- [sso-backend] [    Test worker] com.hubilon.sso.SsoApplicationTests      : The following 1 profile is active: "test"
2026-04-20T12:55:38.289+09:00  INFO 2908 --- [sso-backend] [    Test worker] .s.d.r.c.RepositoryConfigurationDelegate : Bootstrapping Spring Data JPA repositories in DEFAULT mode.
2026-04-20T12:55:38.325+09:00  INFO 2908 --- [sso-backend] [    Test worker] .s.d.r.c.RepositoryConfigurationDelegate : Finished Spring Data repository scanning in 20 ms. Found 0 JPA repository interfaces.
2026-04-20T12:55:39.186+09:00  INFO 2908 --- [sso-backend] [    Test worker] o.hibernate.jpa.internal.util.LogHelper  : HHH000204: Processing PersistenceUnitInfo [name: default]
2026-04-20T12:55:39.266+09:00  INFO 2908 --- [sso-backend] [    Test worker] org.hibernate.Version                    : HHH000412: Hibernate ORM core version 6.6.11.Final
2026-04-20T12:55:39.311+09:00  INFO 2908 --- [sso-backend] [    Test worker] o.h.c.internal.RegionFactoryInitiator    : HHH000026: Second-level cache disabled
2026-04-20T12:55:39.610+09:00  INFO 2908 --- [sso-backend] [    Test worker] o.s.o.j.p.SpringPersistenceUnitInfo      : No LoadTimeWeaver setup: ignoring JPA class transformer
2026-04-20T12:55:39.639+09:00  INFO 2908 --- [sso-backend] [    Test worker] com.zaxxer.hikari.HikariDataSource       : HikariPool-1 - Starting...
2026-04-20T12:55:39.832+09:00  INFO 2908 --- [sso-backend] [    Test worker] com.zaxxer.hikari.pool.HikariPool        : HikariPool-1 - Added connection conn0: url=jdbc:h2:mem:testdb user=SA
2026-04-20T12:55:39.835+09:00  INFO 2908 --- [sso-backend] [    Test worker] com.zaxxer.hikari.HikariDataSource       : HikariPool-1 - Start completed.
2026-04-20T12:55:39.860+09:00  WARN 2908 --- [sso-backend] [    Test worker] org.hibernate.dialect.Dialect            : HHH000511: The 2.3.232 version for [org.hibernate.dialect.PostgreSQLDialect] is no longer supported, hence certain features may not work properly. The minimum supported version is 12.0.0. Check the community dialects project for available legacy versions.
2026-04-20T12:55:39.866+09:00  WARN 2908 --- [sso-backend] [    Test worker] org.hibernate.orm.deprecation            : HHH90000025: PostgreSQLDialect does not need to be specified explicitly using 'hibernate.dialect' (remove the property setting and it will be selected by default)
2026-04-20T12:55:39.884+09:00  INFO 2908 --- [sso-backend] [    Test worker] org.hibernate.orm.connections.pooling    : HHH10001005: Database info:
	Database JDBC URL [Connecting through datasource 'HikariDataSource (HikariPool-1)']
	Database driver: undefined/unknown
	Database version: 2.3.232
	Autocommit mode: undefined/unknown
	Isolation level: undefined/unknown
	Minimum pool size: undefined/unknown
	Maximum pool size: undefined/unknown
2026-04-20T12:55:40.208+09:00  INFO 2908 --- [sso-backend] [    Test worker] o.h.e.t.j.p.i.JtaPlatformInitiator       : HHH000489: No JTA platform available (set 'hibernate.transaction.jta.platform' to enable JTA platform integration)
2026-04-20T12:55:40.213+09:00  INFO 2908 --- [sso-backend] [    Test worker] j.LocalContainerEntityManagerFactoryBean : Initialized JPA EntityManagerFactory for persistence unit 'default'
2026-04-20T12:55:40.499+09:00  WARN 2908 --- [sso-backend] [    Test worker] JpaBaseConfiguration$JpaWebConfiguration : spring.jpa.open-in-view is enabled by default. Therefore, database queries may be performed during view rendering. Explicitly configure spring.jpa.open-in-view to disable this warning
2026-04-20T12:55:41.209+09:00  INFO 2908 --- [sso-backend] [    Test worker] o.s.b.a.e.web.EndpointLinksResolver      : Exposing 1 endpoint beneath base path '/actuator'
2026-04-20T12:55:42.174+09:00  INFO 2908 --- [sso-backend] [    Test worker] com.hubilon.sso.SsoApplicationTests      : Started SsoApplicationTests in 5.746 seconds (process running for 6.963)
]]></system-out>
  <system-err><![CDATA[Mockito is currently self-attaching to enable the inline-mock-maker. This will no longer work in future releases of the JDK. Please add Mockito as an agent to your build what is described in Mockito's documentation: https://javadoc.io/doc/org.mockito/mockito-core/latest/org/mockito/Mockito.html#0.3
WARNING: A Java agent has been loaded dynamically (C:\Users\bokye\.gradle\caches\modules-2\files-2.1\net.bytebuddy\byte-buddy-agent\1.15.11\a38b16385e867f59a641330f0362ebe742788ed8\byte-buddy-agent-1.15.11.jar)
WARNING: If a serviceability tool is in use, please run with -XX:+EnableDynamicAgentLoading to hide this warning
WARNING: If a serviceability tool is not in use, please run with -Djdk.instrument.traceUsage for more information
WARNING: Dynamic loading of agents will be disallowed by default in a future release
]]></system-err>
</testsuite>
